{"D:\\Microverse Projects\\Jest_Test\\src\\modules\\add.js": {"path":"D:\\Microverse Projects\\Jest_Test\\src\\modules\\add.js","statementMap":{"0":{"start":{"line":3,"column":24},"end":{"line":3,"column":94}},"1":{"start":{"line":3,"column":37},"end":{"line":3,"column":94}},"2":{"start":{"line":4,"column":28},"end":{"line":4,"column":84}},"3":{"start":{"line":4,"column":34},"end":{"line":4,"column":84}},"4":{"start":{"line":10,"column":4},"end":{"line":10,"column":39}},"5":{"start":{"line":13,"column":16},"end":{"line":31,"column":3}},"6":{"start":{"line":14,"column":4},"end":{"line":14,"column":39}},"7":{"start":{"line":15,"column":4},"end":{"line":15,"column":49}},"8":{"start":{"line":15,"column":30},"end":{"line":15,"column":47}},"9":{"start":{"line":16,"column":22},"end":{"line":16,"column":63}},"10":{"start":{"line":17,"column":4},"end":{"line":17,"column":29}},"11":{"start":{"line":18,"column":4},"end":{"line":30,"column":7}},"12":{"start":{"line":19,"column":6},"end":{"line":29,"column":8}},"13":{"start":{"line":33,"column":14},"end":{"line":42,"column":3}},"14":{"start":{"line":34,"column":17},"end":{"line":38,"column":5}},"15":{"start":{"line":39,"column":4},"end":{"line":39,"column":26}},"16":{"start":{"line":40,"column":4},"end":{"line":40,"column":32}},"17":{"start":{"line":41,"column":4},"end":{"line":41,"column":23}},"18":{"start":{"line":44,"column":18},"end":{"line":49,"column":3}},"19":{"start":{"line":45,"column":17},"end":{"line":45,"column":61}},"20":{"start":{"line":45,"column":43},"end":{"line":45,"column":60}},"21":{"start":{"line":46,"column":4},"end":{"line":46,"column":27}},"22":{"start":{"line":47,"column":4},"end":{"line":47,"column":32}},"23":{"start":{"line":48,"column":4},"end":{"line":48,"column":23}},"24":{"start":{"line":51,"column":19},"end":{"line":59,"column":3}},"25":{"start":{"line":52,"column":26},"end":{"line":52,"column":72}},"26":{"start":{"line":52,"column":54},"end":{"line":52,"column":71}},"27":{"start":{"line":53,"column":4},"end":{"line":55,"column":7}},"28":{"start":{"line":54,"column":6},"end":{"line":54,"column":25}},"29":{"start":{"line":56,"column":4},"end":{"line":56,"column":35}},"30":{"start":{"line":57,"column":4},"end":{"line":57,"column":39}},"31":{"start":{"line":58,"column":4},"end":{"line":58,"column":23}},"32":{"start":{"line":61,"column":22},"end":{"line":67,"column":3}},"33":{"start":{"line":62,"column":29},"end":{"line":64,"column":5}},"34":{"start":{"line":63,"column":16},"end":{"line":63,"column":40}},"35":{"start":{"line":65,"column":4},"end":{"line":65,"column":38}},"36":{"start":{"line":66,"column":4},"end":{"line":66,"column":23}},"37":{"start":{"line":69,"column":13},"end":{"line":76,"column":3}},"38":{"start":{"line":70,"column":17},"end":{"line":70,"column":61}},"39":{"start":{"line":70,"column":43},"end":{"line":70,"column":60}},"40":{"start":{"line":71,"column":4},"end":{"line":73,"column":5}},"41":{"start":{"line":72,"column":6},"end":{"line":72,"column":38}},"42":{"start":{"line":74,"column":4},"end":{"line":74,"column":32}},"43":{"start":{"line":75,"column":4},"end":{"line":75,"column":23}}},"fnMap":{"0":{"name":"(anonymous_0)","decl":{"start":{"line":3,"column":24},"end":{"line":3,"column":25}},"loc":{"start":{"line":3,"column":37},"end":{"line":3,"column":94}},"line":3},"1":{"name":"(anonymous_1)","decl":{"start":{"line":4,"column":28},"end":{"line":4,"column":29}},"loc":{"start":{"line":4,"column":34},"end":{"line":4,"column":84}},"line":4},"2":{"name":"(anonymous_2)","decl":{"start":{"line":9,"column":2},"end":{"line":9,"column":3}},"loc":{"start":{"line":9,"column":16},"end":{"line":11,"column":3}},"line":9},"3":{"name":"(anonymous_3)","decl":{"start":{"line":13,"column":16},"end":{"line":13,"column":17}},"loc":{"start":{"line":13,"column":22},"end":{"line":31,"column":3}},"line":13},"4":{"name":"(anonymous_4)","decl":{"start":{"line":15,"column":20},"end":{"line":15,"column":21}},"loc":{"start":{"line":15,"column":30},"end":{"line":15,"column":47}},"line":15},"5":{"name":"(anonymous_5)","decl":{"start":{"line":18,"column":23},"end":{"line":18,"column":24}},"loc":{"start":{"line":18,"column":33},"end":{"line":30,"column":5}},"line":18},"6":{"name":"(anonymous_6)","decl":{"start":{"line":33,"column":14},"end":{"line":33,"column":15}},"loc":{"start":{"line":33,"column":24},"end":{"line":42,"column":3}},"line":33},"7":{"name":"(anonymous_7)","decl":{"start":{"line":44,"column":18},"end":{"line":44,"column":19}},"loc":{"start":{"line":44,"column":32},"end":{"line":49,"column":3}},"line":44},"8":{"name":"(anonymous_8)","decl":{"start":{"line":45,"column":33},"end":{"line":45,"column":34}},"loc":{"start":{"line":45,"column":43},"end":{"line":45,"column":60}},"line":45},"9":{"name":"(anonymous_9)","decl":{"start":{"line":51,"column":19},"end":{"line":51,"column":20}},"loc":{"start":{"line":51,"column":26},"end":{"line":59,"column":3}},"line":51},"10":{"name":"(anonymous_10)","decl":{"start":{"line":52,"column":44},"end":{"line":52,"column":45}},"loc":{"start":{"line":52,"column":54},"end":{"line":52,"column":71}},"line":52},"11":{"name":"(anonymous_11)","decl":{"start":{"line":53,"column":26},"end":{"line":53,"column":27}},"loc":{"start":{"line":53,"column":43},"end":{"line":55,"column":5}},"line":53},"12":{"name":"(anonymous_12)","decl":{"start":{"line":61,"column":22},"end":{"line":61,"column":23}},"loc":{"start":{"line":61,"column":28},"end":{"line":67,"column":3}},"line":61},"13":{"name":"(anonymous_13)","decl":{"start":{"line":63,"column":6},"end":{"line":63,"column":7}},"loc":{"start":{"line":63,"column":16},"end":{"line":63,"column":40}},"line":63},"14":{"name":"(anonymous_14)","decl":{"start":{"line":69,"column":13},"end":{"line":69,"column":14}},"loc":{"start":{"line":69,"column":27},"end":{"line":76,"column":3}},"line":69},"15":{"name":"(anonymous_15)","decl":{"start":{"line":70,"column":33},"end":{"line":70,"column":34}},"loc":{"start":{"line":70,"column":43},"end":{"line":70,"column":60}},"line":70}},"branchMap":{"0":{"loc":{"start":{"line":4,"column":34},"end":{"line":4,"column":84}},"type":"binary-expr","locations":[{"start":{"line":4,"column":34},"end":{"line":4,"column":78}},{"start":{"line":4,"column":82},"end":{"line":4,"column":84}}],"line":4},"1":{"loc":{"start":{"line":22,"column":48},"end":{"line":22,"column":88}},"type":"cond-expr","locations":[{"start":{"line":22,"column":65},"end":{"line":22,"column":74}},{"start":{"line":22,"column":77},"end":{"line":22,"column":88}}],"line":22},"2":{"loc":{"start":{"line":23,"column":74},"end":{"line":23,"column":132}},"type":"cond-expr","locations":[{"start":{"line":23,"column":91},"end":{"line":23,"column":115}},{"start":{"line":23,"column":118},"end":{"line":23,"column":132}}],"line":23},"3":{"loc":{"start":{"line":71,"column":4},"end":{"line":73,"column":5}},"type":"if","locations":[{"start":{"line":71,"column":4},"end":{"line":73,"column":5}},{"start":{},"end":{}}],"line":71}},"s":{"0":1,"1":5,"2":1,"3":8,"4":1,"5":1,"6":5,"7":5,"8":2,"9":5,"10":5,"11":5,"12":7,"13":1,"14":3,"15":3,"16":3,"17":3,"18":1,"19":0,"20":0,"21":0,"22":0,"23":0,"24":1,"25":2,"26":4,"27":2,"28":2,"29":2,"30":2,"31":2,"32":1,"33":0,"34":0,"35":0,"36":0,"37":1,"38":0,"39":0,"40":0,"41":0,"42":0,"43":0},"f":{"0":5,"1":8,"2":1,"3":5,"4":2,"5":7,"6":3,"7":0,"8":0,"9":2,"10":4,"11":2,"12":0,"13":0,"14":0,"15":0},"b":{"0":[8,1],"1":[0,7],"2":[0,7],"3":[0,0]},"_coverageSchema":"1a1c01bbd47fc00a2c39e90264f33305004495a9","hash":"a5ca3ba186e568f3c8e2f9338d5d97221c231a09"}
}
